2026-01-13 18:16:04,092 INFO 36905 [Timer] /Users/wangchengkun/Documents/面试题/egg/node_modules/.pnpm/egg-multipart@3.5.0/node_modules/egg-multipart/app/schedule/clean_tmpdir.js next time will execute after 36835910ms at 2026-01-14 04:30:00.002
2026-01-13 18:16:04,092 INFO 36905 [Timer] /Users/wangchengkun/Documents/面试题/egg/node_modules/.pnpm/egg-logrotator@3.2.0/node_modules/egg-logrotator/app/schedule/clean_log.js next time will execute after 20635908ms at 2026-01-14 00:00:00.000
2026-01-13 18:16:04,092 INFO 36905 [Timer] /Users/wangchengkun/Documents/面试题/egg/node_modules/.pnpm/egg-logrotator@3.2.0/node_modules/egg-logrotator/app/schedule/rotate_by_file.js next time will execute after 20636908ms at 2026-01-14 00:00:01.000
2026-01-13 18:16:03,979 INFO 36906 [egg-schedule]: register schedule /Users/wangchengkun/Documents/面试题/egg/node_modules/.pnpm/egg-multipart@3.5.0/node_modules/egg-multipart/app/schedule/clean_tmpdir.js
2026-01-13 18:16:03,979 INFO 36906 [egg-schedule]: register schedule /Users/wangchengkun/Documents/面试题/egg/node_modules/.pnpm/egg-logrotator@3.2.0/node_modules/egg-logrotator/app/schedule/clean_log.js
2026-01-13 18:16:03,979 INFO 36906 [egg-schedule]: register schedule /Users/wangchengkun/Documents/面试题/egg/node_modules/.pnpm/egg-logrotator@3.2.0/node_modules/egg-logrotator/app/schedule/rotate_by_file.js
2026-01-13 18:16:31,011 INFO 37246 [egg-schedule]: register schedule /Users/wangchengkun/Documents/面试题/egg/node_modules/.pnpm/egg-multipart@3.5.0/node_modules/egg-multipart/app/schedule/clean_tmpdir.js
2026-01-13 18:16:31,011 INFO 37246 [egg-schedule]: register schedule /Users/wangchengkun/Documents/面试题/egg/node_modules/.pnpm/egg-logrotator@3.2.0/node_modules/egg-logrotator/app/schedule/clean_log.js
2026-01-13 18:16:31,011 INFO 37246 [egg-schedule]: register schedule /Users/wangchengkun/Documents/面试题/egg/node_modules/.pnpm/egg-logrotator@3.2.0/node_modules/egg-logrotator/app/schedule/rotate_by_file.js
2026-01-13 18:16:38,587 INFO 37284 [egg-schedule]: register schedule /Users/wangchengkun/Documents/面试题/egg/node_modules/.pnpm/egg-multipart@3.5.0/node_modules/egg-multipart/app/schedule/clean_tmpdir.js
2026-01-13 18:16:38,587 INFO 37284 [egg-schedule]: register schedule /Users/wangchengkun/Documents/面试题/egg/node_modules/.pnpm/egg-logrotator@3.2.0/node_modules/egg-logrotator/app/schedule/clean_log.js
2026-01-13 18:16:38,587 INFO 37284 [egg-schedule]: register schedule /Users/wangchengkun/Documents/面试题/egg/node_modules/.pnpm/egg-logrotator@3.2.0/node_modules/egg-logrotator/app/schedule/rotate_by_file.js
2026-01-13 18:17:20,185 INFO 37476 [egg-schedule]: register schedule /Users/wangchengkun/Documents/面试题/egg/node_modules/.pnpm/egg-multipart@3.5.0/node_modules/egg-multipart/app/schedule/clean_tmpdir.js
2026-01-13 18:17:20,185 INFO 37476 [egg-schedule]: register schedule /Users/wangchengkun/Documents/面试题/egg/node_modules/.pnpm/egg-logrotator@3.2.0/node_modules/egg-logrotator/app/schedule/clean_log.js
2026-01-13 18:17:20,185 INFO 37476 [egg-schedule]: register schedule /Users/wangchengkun/Documents/面试题/egg/node_modules/.pnpm/egg-logrotator@3.2.0/node_modules/egg-logrotator/app/schedule/rotate_by_file.js
2026-01-13 18:17:54,974 INFO 37701 [Timer] /Users/wangchengkun/Documents/面试题/egg/node_modules/.pnpm/egg-multipart@3.5.0/node_modules/egg-multipart/app/schedule/clean_tmpdir.js next time will execute after 36725028ms at 2026-01-14 04:30:00.002
2026-01-13 18:17:54,974 INFO 37701 [Timer] /Users/wangchengkun/Documents/面试题/egg/node_modules/.pnpm/egg-logrotator@3.2.0/node_modules/egg-logrotator/app/schedule/clean_log.js next time will execute after 20525026ms at 2026-01-14 00:00:00.000
2026-01-13 18:17:54,974 INFO 37701 [Timer] /Users/wangchengkun/Documents/面试题/egg/node_modules/.pnpm/egg-logrotator@3.2.0/node_modules/egg-logrotator/app/schedule/rotate_by_file.js next time will execute after 20526026ms at 2026-01-14 00:00:01.000
2026-01-13 18:17:54,914 INFO 37711 [egg-schedule]: register schedule /Users/wangchengkun/Documents/面试题/egg/node_modules/.pnpm/egg-multipart@3.5.0/node_modules/egg-multipart/app/schedule/clean_tmpdir.js
2026-01-13 18:17:54,914 INFO 37711 [egg-schedule]: register schedule /Users/wangchengkun/Documents/面试题/egg/node_modules/.pnpm/egg-logrotator@3.2.0/node_modules/egg-logrotator/app/schedule/clean_log.js
2026-01-13 18:17:54,914 INFO 37711 [egg-schedule]: register schedule /Users/wangchengkun/Documents/面试题/egg/node_modules/.pnpm/egg-logrotator@3.2.0/node_modules/egg-logrotator/app/schedule/rotate_by_file.js
2026-01-13 18:18:15,833 INFO 37893 [egg-schedule]: register schedule /Users/wangchengkun/Documents/面试题/egg/node_modules/.pnpm/egg-multipart@3.5.0/node_modules/egg-multipart/app/schedule/clean_tmpdir.js
2026-01-13 18:18:15,833 INFO 37893 [egg-schedule]: register schedule /Users/wangchengkun/Documents/面试题/egg/node_modules/.pnpm/egg-logrotator@3.2.0/node_modules/egg-logrotator/app/schedule/clean_log.js
2026-01-13 18:18:15,833 INFO 37893 [egg-schedule]: register schedule /Users/wangchengkun/Documents/面试题/egg/node_modules/.pnpm/egg-logrotator@3.2.0/node_modules/egg-logrotator/app/schedule/rotate_by_file.js
2026-01-13 18:18:41,431 INFO 38075 [egg-schedule]: register schedule /Users/wangchengkun/Documents/面试题/egg/node_modules/.pnpm/egg-multipart@3.5.0/node_modules/egg-multipart/app/schedule/clean_tmpdir.js
2026-01-13 18:18:41,431 INFO 38075 [egg-schedule]: register schedule /Users/wangchengkun/Documents/面试题/egg/node_modules/.pnpm/egg-logrotator@3.2.0/node_modules/egg-logrotator/app/schedule/clean_log.js
2026-01-13 18:18:41,431 INFO 38075 [egg-schedule]: register schedule /Users/wangchengkun/Documents/面试题/egg/node_modules/.pnpm/egg-logrotator@3.2.0/node_modules/egg-logrotator/app/schedule/rotate_by_file.js
2026-01-13 18:22:02,127 INFO 38930 [egg-schedule]: register schedule /Users/wangchengkun/Documents/面试题/egg/node_modules/.pnpm/egg-multipart@3.5.0/node_modules/egg-multipart/app/schedule/clean_tmpdir.js
2026-01-13 18:22:02,127 INFO 38930 [egg-schedule]: register schedule /Users/wangchengkun/Documents/面试题/egg/node_modules/.pnpm/egg-logrotator@3.2.0/node_modules/egg-logrotator/app/schedule/clean_log.js
2026-01-13 18:22:02,127 INFO 38930 [egg-schedule]: register schedule /Users/wangchengkun/Documents/面试题/egg/node_modules/.pnpm/egg-logrotator@3.2.0/node_modules/egg-logrotator/app/schedule/rotate_by_file.js
2026-01-13 18:22:29,356 INFO 38987 [egg-schedule]: register schedule /Users/wangchengkun/Documents/面试题/egg/node_modules/.pnpm/egg-multipart@3.5.0/node_modules/egg-multipart/app/schedule/clean_tmpdir.js
2026-01-13 18:22:29,356 INFO 38987 [egg-schedule]: register schedule /Users/wangchengkun/Documents/面试题/egg/node_modules/.pnpm/egg-logrotator@3.2.0/node_modules/egg-logrotator/app/schedule/clean_log.js
2026-01-13 18:22:29,356 INFO 38987 [egg-schedule]: register schedule /Users/wangchengkun/Documents/面试题/egg/node_modules/.pnpm/egg-logrotator@3.2.0/node_modules/egg-logrotator/app/schedule/rotate_by_file.js
2026-01-13 18:22:37,793 INFO 39028 [egg-schedule]: register schedule /Users/wangchengkun/Documents/面试题/egg/node_modules/.pnpm/egg-multipart@3.5.0/node_modules/egg-multipart/app/schedule/clean_tmpdir.js
2026-01-13 18:22:37,793 INFO 39028 [egg-schedule]: register schedule /Users/wangchengkun/Documents/面试题/egg/node_modules/.pnpm/egg-logrotator@3.2.0/node_modules/egg-logrotator/app/schedule/clean_log.js
2026-01-13 18:22:37,793 INFO 39028 [egg-schedule]: register schedule /Users/wangchengkun/Documents/面试题/egg/node_modules/.pnpm/egg-logrotator@3.2.0/node_modules/egg-logrotator/app/schedule/rotate_by_file.js
2026-01-13 18:22:49,818 INFO 39051 [egg-schedule]: register schedule /Users/wangchengkun/Documents/面试题/egg/node_modules/.pnpm/egg-multipart@3.5.0/node_modules/egg-multipart/app/schedule/clean_tmpdir.js
2026-01-13 18:22:49,818 INFO 39051 [egg-schedule]: register schedule /Users/wangchengkun/Documents/面试题/egg/node_modules/.pnpm/egg-logrotator@3.2.0/node_modules/egg-logrotator/app/schedule/clean_log.js
2026-01-13 18:22:49,818 INFO 39051 [egg-schedule]: register schedule /Users/wangchengkun/Documents/面试题/egg/node_modules/.pnpm/egg-logrotator@3.2.0/node_modules/egg-logrotator/app/schedule/rotate_by_file.js
2026-01-13 18:23:38,067 INFO 39333 [Timer] /Users/wangchengkun/Documents/面试题/egg/node_modules/.pnpm/egg-multipart@3.5.0/node_modules/egg-multipart/app/schedule/clean_tmpdir.js next time will execute after 36381936ms at 2026-01-14 04:30:00.003
2026-01-13 18:23:38,067 INFO 39333 [Timer] /Users/wangchengkun/Documents/面试题/egg/node_modules/.pnpm/egg-logrotator@3.2.0/node_modules/egg-logrotator/app/schedule/clean_log.js next time will execute after 20181933ms at 2026-01-14 00:00:00.000
2026-01-13 18:23:38,067 INFO 39333 [Timer] /Users/wangchengkun/Documents/面试题/egg/node_modules/.pnpm/egg-logrotator@3.2.0/node_modules/egg-logrotator/app/schedule/rotate_by_file.js next time will execute after 20182933ms at 2026-01-14 00:00:01.000
2026-01-13 18:23:38,014 INFO 39334 [egg-schedule]: register schedule /Users/wangchengkun/Documents/面试题/egg/node_modules/.pnpm/egg-multipart@3.5.0/node_modules/egg-multipart/app/schedule/clean_tmpdir.js
2026-01-13 18:23:38,014 INFO 39334 [egg-schedule]: register schedule /Users/wangchengkun/Documents/面试题/egg/node_modules/.pnpm/egg-logrotator@3.2.0/node_modules/egg-logrotator/app/schedule/clean_log.js
2026-01-13 18:23:38,014 INFO 39334 [egg-schedule]: register schedule /Users/wangchengkun/Documents/面试题/egg/node_modules/.pnpm/egg-logrotator@3.2.0/node_modules/egg-logrotator/app/schedule/rotate_by_file.js
2026-01-13 18:24:05,462 INFO 39546 [egg-schedule]: register schedule /Users/wangchengkun/Documents/面试题/egg/node_modules/.pnpm/egg-multipart@3.5.0/node_modules/egg-multipart/app/schedule/clean_tmpdir.js
2026-01-13 18:24:05,462 INFO 39546 [egg-schedule]: register schedule /Users/wangchengkun/Documents/面试题/egg/node_modules/.pnpm/egg-logrotator@3.2.0/node_modules/egg-logrotator/app/schedule/clean_log.js
2026-01-13 18:24:05,462 INFO 39546 [egg-schedule]: register schedule /Users/wangchengkun/Documents/面试题/egg/node_modules/.pnpm/egg-logrotator@3.2.0/node_modules/egg-logrotator/app/schedule/rotate_by_file.js
